<?xml version="1.0" encoding="UTF-8"?>
<!-- Generated by org.testng.reporters.JUnitReportReporter -->
<testsuite hostname="Jithendra" failures="0" tests="1" name="test.AddProjectTest" time="0.000" errors="0" timestamp="2024-07-10T20:43:51 IST" skipped="1">
  <testcase classname="test.AddProjectTest" name="testAddProject" time="0.000">
    <skipped/>
  </testcase> <!-- testAddProject -->
  <system-out/>
</testsuite> <!-- test.AddProjectTest -->
